\BOOKMARK [0][-]{chapter*.1}{Abstract}{}% 1
\BOOKMARK [0][-]{chapter*.2}{Dedication}{}% 2
\BOOKMARK [0][-]{chapter*.3}{Acknowledgments}{}% 3
\BOOKMARK [0][-]{chapter*.3}{Table of Contents}{}% 4
\BOOKMARK [0][-]{section*.4}{List of Tables}{}% 5
\BOOKMARK [0][-]{section*.5}{List of Figures}{}% 6
\BOOKMARK [0][-]{chapter*.6}{Abbreviations}{}% 7
\BOOKMARK [0][-]{chapter.1}{Introduction}{}% 8
\BOOKMARK [0][-]{chapter.2}{Background}{}% 9
\BOOKMARK [1][-]{section.2.1}{Introduction}{chapter.2}% 10
\BOOKMARK [1][-]{section.2.2}{Literature Review}{chapter.2}% 11
\BOOKMARK [1][-]{section.2.3}{LLVM}{chapter.2}% 12
\BOOKMARK [2][-]{subsection.2.3.1}{Instrumentation and coverage measurements}{section.2.3}% 13
\BOOKMARK [1][-]{section.2.4}{AFL}{chapter.2}% 14
\BOOKMARK [1][-]{section.2.5}{Concluding remarks}{chapter.2}% 15
\BOOKMARK [0][-]{chapter.3}{Proposed Fuzzer}{}% 16
\BOOKMARK [1][-]{section.3.1}{Introduction}{chapter.3}% 17
\BOOKMARK [1][-]{section.3.2}{Motivating example}{chapter.3}% 18
\BOOKMARK [1][-]{section.3.3}{Instrumentation}{chapter.3}% 19
\BOOKMARK [1][-]{section.3.4}{Concluding remarks}{chapter.3}% 20
\BOOKMARK [0][-]{chapter.4}{Simulation}{}% 21
\BOOKMARK [1][-]{section.4.1}{Implementation}{chapter.4}% 22
\BOOKMARK [1][-]{section.4.2}{Instrumentation}{chapter.4}% 23
\BOOKMARK [1][-]{section.4.3}{Start fuzzing}{chapter.4}% 24
\BOOKMARK [1][-]{section.4.4}{Monitoring fuzzing procedure}{chapter.4}% 25
\BOOKMARK [1][-]{section.4.5}{Summary}{chapter.4}% 26
\BOOKMARK [0][-]{chapter.5}{Results and Evaluation}{}% 27
\BOOKMARK [0][-]{chapter.6}{Conclusions and Future Work}{}% 28
\BOOKMARK [0][-]{chapter*.17}{Bibliography}{}% 29
\BOOKMARK [0][-]{chapter*.18}{Glossary}{}% 30
\BOOKMARK [0][-]{section*.19}{Vita}{}% 31
